  doubly_linked_list_car.c
C:\Project\Algorithm\Linked_List\doubly_linked_list_car.c(21,19): warning C4047: '함수': 'CARTYPE *'의 간접 참조 수준이 'CARTYPE **'과(와) 다릅니다.
C:\Project\Algorithm\Linked_List\doubly_linked_list_car.c(21,14): warning C4024: 'make_bst': 형식 및 실제 매개 변수 1의 형식이 서로 다릅니다.
C:\Project\Algorithm\Linked_List\doubly_linked_list_car.c(22,19): warning C4047: '함수': 'CARTYPE *'의 간접 참조 수준이 'CARTYPE **'과(와) 다릅니다.
C:\Project\Algorithm\Linked_List\doubly_linked_list_car.c(22,14): warning C4024: 'make_bst': 형식 및 실제 매개 변수 1의 형식이 서로 다릅니다.
C:\Project\Algorithm\Linked_List\doubly_linked_list_car.c(23,19): warning C4047: '함수': 'CARTYPE *'의 간접 참조 수준이 'CARTYPE **'과(와) 다릅니다.
C:\Project\Algorithm\Linked_List\doubly_linked_list_car.c(23,14): warning C4024: 'make_bst': 형식 및 실제 매개 변수 1의 형식이 서로 다릅니다.
C:\Project\Algorithm\Linked_List\doubly_linked_list_car.c(24,19): warning C4047: '함수': 'CARTYPE *'의 간접 참조 수준이 'CARTYPE **'과(와) 다릅니다.
C:\Project\Algorithm\Linked_List\doubly_linked_list_car.c(24,14): warning C4024: 'make_bst': 형식 및 실제 매개 변수 1의 형식이 서로 다릅니다.
C:\Project\Algorithm\Linked_List\doubly_linked_list_car.c(25,19): warning C4047: '함수': 'CARTYPE *'의 간접 참조 수준이 'CARTYPE **'과(와) 다릅니다.
C:\Project\Algorithm\Linked_List\doubly_linked_list_car.c(25,14): warning C4024: 'make_bst': 형식 및 실제 매개 변수 1의 형식이 서로 다릅니다.
C:\Project\Algorithm\Linked_List\doubly_linked_list_car.c(26,19): warning C4047: '함수': 'CARTYPE *'의 간접 참조 수준이 'CARTYPE **'과(와) 다릅니다.
C:\Project\Algorithm\Linked_List\doubly_linked_list_car.c(26,14): warning C4024: 'make_bst': 형식 및 실제 매개 변수 1의 형식이 서로 다릅니다.
C:\Project\Algorithm\Linked_List\doubly_linked_list_car.c(27,19): warning C4047: '함수': 'CARTYPE *'의 간접 참조 수준이 'CARTYPE **'과(와) 다릅니다.
C:\Project\Algorithm\Linked_List\doubly_linked_list_car.c(27,14): warning C4024: 'make_bst': 형식 및 실제 매개 변수 1의 형식이 서로 다릅니다.
C:\Project\Algorithm\Linked_List\doubly_linked_list_car.c(28,19): warning C4047: '함수': 'CARTYPE *'의 간접 참조 수준이 'CARTYPE **'과(와) 다릅니다.
C:\Project\Algorithm\Linked_List\doubly_linked_list_car.c(28,14): warning C4024: 'make_bst': 형식 및 실제 매개 변수 1의 형식이 서로 다릅니다.
C:\Project\Algorithm\Linked_List\doubly_linked_list_car.c(38,24): warning C4028: 정식 매개 변수 1이(가) 선언과 다릅니다.
C:\Project\Algorithm\Linked_List\doubly_linked_list_car.c(40,1): warning C4047: '초기화 중': 'CARTYPE *'의 간접 참조 수준이 'CARTYPE **'과(와) 다릅니다.
  Linked_List.vcxproj -> C:\Project\Algorithm\Operator\Debug\Linked_List.exe
